#
# There is insufficient memory for the Java Runtime Environment to continue.
# Native memory allocation (malloc) failed to allocate 538256 bytes for Chunk::new
# Possible reasons:
#   The system is out of physical RAM or swap space
#   In 32 bit mode, the process size limit was hit
# Possible solutions:
#   Reduce memory load on the system
#   Increase physical memory or swap space
#   Check if swap backing store is full
#   Use 64 bit Java on a 64 bit OS
#   Decrease Java heap size (-Xmx/-Xms)
#   Decrease number of Java threads
#   Decrease Java thread stack sizes (-Xss)
#   Set larger code cache with -XX:ReservedCodeCacheSize=
# This output file may be truncated or incomplete.
#
#  Out of Memory Error (allocation.cpp:390), pid=5256, tid=9260
#
# JRE version: Java(TM) SE Runtime Environment (8.0_71-b15) (build 1.8.0_71-b15)
# Java VM: Java HotSpot(TM) 64-Bit Server VM (25.71-b15 mixed mode windows-amd64 compressed oops)
# Failed to write core dump. Minidumps are not enabled by default on client versions of Windows
#

---------------  T H R E A D  ---------------

Current thread (0x0000000016e7c800):  JavaThread "C2 CompilerThread0" daemon [_thread_in_native, id=9260, stack(0x00000000184b0000,0x00000000185b0000)]

Stack: [0x00000000184b0000,0x00000000185b0000]
[error occurred during error reporting (printing stack bounds), id 0xc0000005]

Native frames: (J=compiled Java code, j=interpreted, Vv=VM code, C=native code)


Current CompileTask:
C2:    187  142   !   4       java.util.jar.Attributes::read (410 bytes)


---------------  P R O C E S S  ---------------

Java Threads: ( => current thread )
  0x00000000187cc800 JavaThread "Service Thread" daemon [_thread_blocked, id=12180, stack(0x0000000018bb0000,0x0000000018cb0000)]
  0x0000000016e86000 JavaThread "C1 CompilerThread2" daemon [_thread_blocked, id=13948, stack(0x00000000186b0000,0x00000000187b0000)]
  0x0000000016e7f000 JavaThread "C2 CompilerThread1" daemon [_thread_in_native, id=15300, stack(0x00000000185b0000,0x00000000186b0000)]
=>0x0000000016e7c800 JavaThread "C2 CompilerThread0" daemon [_thread_in_native, id=9260, stack(0x00000000184b0000,0x00000000185b0000)]
  0x0000000016e7b000 JavaThread "Attach Listener" daemon [_thread_blocked, id=14924, stack(0x00000000183b0000,0x00000000184b0000)]
  0x0000000016e7a000 JavaThread "Signal Dispatcher" daemon [_thread_blocked, id=6052, stack(0x00000000182b0000,0x00000000183b0000)]
  0x0000000002316800 JavaThread "Finalizer" daemon [_thread_blocked, id=12792, stack(0x00000000180d0000,0x00000000181d0000)]
  0x000000000230d800 JavaThread "Reference Handler" daemon [_thread_blocked, id=7336, stack(0x0000000017fd0000,0x00000000180d0000)]
  0x0000000002220800 JavaThread "main" [_thread_in_Java, id=4008, stack(0x0000000002120000,0x0000000002220000)]

Other Threads:
  0x0000000016e48000 VMThread [stack: 0x0000000017ed0000,0x0000000017fd0000] [id=15020]
  0x00000000187d2800 WatcherThread [stack: 0x0000000018cb0000,0x0000000018db0000] [id=14712]

VM state:not at safepoint (normal execution)

VM Mutex/Monitor currently owned by a thread: None

Heap:
 PSYoungGen      total 38400K, used 6374K [0x00000000d5d00000, 0x00000000d8780000, 0x0000000100000000)
  eden space 33280K, 19% used [0x00000000d5d00000,0x00000000d6339af8,0x00000000d7d80000)
  from space 5120K, 0% used [0x00000000d8280000,0x00000000d8280000,0x00000000d8780000)
  to   space 5120K, 0% used [0x00000000d7d80000,0x00000000d7d80000,0x00000000d8280000)
 ParOldGen       total 87552K, used 0K [0x0000000081600000, 0x0000000086b80000, 0x00000000d5d00000)
  object space 87552K, 0% used [0x0000000081600000,0x0000000081600000,0x0000000086b80000)
 Metaspace       used 4038K, capacity 4558K, committed 4864K, reserved 1056768K
  class space    used 438K, capacity 458K, committed 512K, reserved 1048576K

Card table byte_map: [0x00000000116e0000,0x0000000011ae0000] byte_map_base: 0x00000000112d5000

Marking Bits: (ParMarkBitMap*) 0x0000000055ebf600
 Begin Bits: [0x0000000012190000, 0x0000000014138000)
 End Bits:   [0x0000000014138000, 0x00000000160e0000)

Polling page: 0x0000000000460000

CodeCache: size=245760Kb used=1447Kb max_used=1453Kb free=244312Kb
 bounds [0x0000000002320000, 0x0000000002590000, 0x0000000011320000]
 total_blobs=430 nmethods=165 adapters=178
 compilation: enabled

Compilation events (10 events):
Event: 0.183 Thread 0x0000000016e7f000  164       4       sun.security.provider.SHA2::lf_sigma0 (20 bytes)
Event: 0.183 Thread 0x0000000016e7f000 nmethod 164 0x00000000024890d0 code [0x0000000002489200, 0x0000000002489258]
Event: 0.183 Thread 0x0000000016e7f000  163       4       sun.security.provider.SHA2::lf_sigma1 (21 bytes)
Event: 0.183 Thread 0x0000000016e7f000 nmethod 163 0x00000000024892d0 code [0x0000000002489400, 0x0000000002489458]
Event: 0.183 Thread 0x0000000016e7f000  165       4       sun.security.provider.SHA2::lf_delta1 (21 bytes)
Event: 0.183 Thread 0x0000000016e86000 nmethod 162 0x0000000002486cd0 code [0x0000000002486f20, 0x0000000002487d08]
Event: 0.184 Thread 0x0000000016e7f000 nmethod 165 0x0000000002486ad0 code [0x0000000002486c00, 0x0000000002486c58]
Event: 0.184 Thread 0x0000000016e7f000  145       4       java.lang.String::checkBounds (46 bytes)
Event: 0.184 Thread 0x0000000016e86000  166       3       sun.security.provider.ByteArrayAccess::b2iBig64 (614 bytes)
Event: 0.184 Thread 0x0000000016e7f000 nmethod 145 0x0000000002486810 code [0x0000000002486940, 0x00000000024869f8]

GC Heap History (0 events):
No events

Deoptimization events (0 events):
No events

Internal exceptions (2 events):
Event: 0.034 Thread 0x0000000002220800 Exception <a 'java/lang/NoSuchMethodError': Method sun.misc.Unsafe.defineClass(Ljava/lang/String;[BII)Ljava/lang/Class; name or signature does not match> (0x00000000d5d0d3a0) thrown at [C:\re\workspace\8-2-build-windows-amd64-cygwin\jdk8u71\5731\hotspot\sr·{/Â;¡?
Event: 0.034 Thread 0x0000000002220800 Exception <a 'java/lang/NoSuchMethodError': Method sun.misc.Unsafe.prefetchRead(Ljava/lang/Object;J)V name or signature does not match> (0x00000000d5d0d688) thrown at [C:\re\workspace\8-2-build-windows-amd64-cygwin\jdk8u71\5731\hotspot\src\share\vm\prims\j

Events (10 events):
Event: 0.178 loading class java/security/MessageDigest$Delegate
Event: 0.178 loading class java/security/MessageDigest$Delegate done
Event: 0.178 loading class sun/security/rsa/RSAPrivateKeyImpl
Event: 0.178 loading class sun/security/rsa/RSAPrivateKeyImpl done
Event: 0.178 loading class sun/security/rsa/RSACore
Event: 0.178 loading class sun/security/rsa/RSACore done
Event: 0.178 loading class sun/security/rsa/RSAPadding
Event: 0.178 loading class sun/security/rsa/RSAPadding done
Event: 0.178 loading class sun/security/provider/ByteArrayAccess
Event: 0.178 loading class sun/security/provider/ByteArrayAccess done


Dynamic libraries:
0x00007ff66f200000 - 0x00007ff66f237000 	C:\Program Files\Java\jre1.8.0_71\bin\javaw.exe
0x00007ff941ef0000 - 0x00007ff9420b1000 	C:\WINDOWS\SYSTEM32\ntdll.dll
0x00007ff93f7a0000 - 0x00007ff93f84d000 	C:\WINDOWS\system32\KERNEL32.DLL
0x00007ff93e970000 - 0x00007ff93eb58000 	C:\WINDOWS\system32\KERNELBASE.dll
0x00007ff93f530000 - 0x00007ff93f5d7000 	C:\WINDOWS\system32\ADVAPI32.dll
0x00007ff941dc0000 - 0x00007ff941e5d000 	C:\WINDOWS\system32\msvcrt.dll
0x00007ff9413e0000 - 0x00007ff94143b000 	C:\WINDOWS\system32\sechost.dll
0x00007ff93f2f0000 - 0x00007ff93f40c000 	C:\WINDOWS\system32\RPCRT4.dll
0x00007ff93f850000 - 0x00007ff93f9a6000 	C:\WINDOWS\system32\USER32.dll
0x00007ff941440000 - 0x00007ff9415c6000 	C:\WINDOWS\system32\GDI32.dll
0x00007ff92eda0000 - 0x00007ff92f014000 	C:\WINDOWS\WinSxS\amd64_microsoft.windows.common-controls_6595b64144ccf1df_6.0.10586.0_none_8c15ae12515e1c22\COMCTL32.dll
0x00007ff9417f0000 - 0x00007ff941a6d000 	C:\WINDOWS\system32\combase.dll
0x00007ff93e6e0000 - 0x00007ff93e74a000 	C:\WINDOWS\system32\bcryptPrimitives.dll
0x00007ff9413a0000 - 0x00007ff9413db000 	C:\WINDOWS\system32\IMM32.DLL
0x0000000055420000 - 0x00000000554f2000 	C:\Program Files\Java\jre1.8.0_71\bin\msvcr100.dll
0x00000000556b0000 - 0x0000000055f3f000 	C:\Program Files\Java\jre1.8.0_71\bin\server\jvm.dll
0x00007ff941db0000 - 0x00007ff941db8000 	C:\WINDOWS\system32\PSAPI.DLL
0x00007ff93cba0000 - 0x00007ff93cbaa000 	C:\WINDOWS\SYSTEM32\VERSION.dll
0x00007ff93be50000 - 0x00007ff93be73000 	C:\WINDOWS\SYSTEM32\WINMM.dll
0x00007ff93e160000 - 0x00007ff93e169000 	C:\WINDOWS\SYSTEM32\WSOCK32.dll
0x00007ff941d40000 - 0x00007ff941dab000 	C:\WINDOWS\system32\WS2_32.dll
0x00007ff93bda0000 - 0x00007ff93bdcc000 	C:\WINDOWS\SYSTEM32\WINMMBASE.dll
0x00007ff93e750000 - 0x00007ff93e793000 	C:\WINDOWS\system32\cfgmgr32.dll
0x00000000555c0000 - 0x00000000555cf000 	C:\Program Files\Java\jre1.8.0_71\bin\verify.dll
0x0000000055590000 - 0x00000000555b9000 	C:\Program Files\Java\jre1.8.0_71\bin\java.dll
0x0000000055570000 - 0x0000000055586000 	C:\Program Files\Java\jre1.8.0_71\bin\zip.dll
0x00007ff93fe40000 - 0x00007ff94139c000 	C:\WINDOWS\system32\SHELL32.dll
0x00007ff93ebe0000 - 0x00007ff93f225000 	C:\WINDOWS\system32\windows.storage.dll
0x00007ff93f5e0000 - 0x00007ff93f632000 	C:\WINDOWS\system32\shlwapi.dll
0x00007ff93e540000 - 0x00007ff93e54f000 	C:\WINDOWS\system32\kernel.appcore.dll
0x00007ff93f230000 - 0x00007ff93f2e5000 	C:\WINDOWS\system32\shcore.dll
0x00007ff93e550000 - 0x00007ff93e59b000 	C:\WINDOWS\system32\powrprof.dll
0x00007ff93e510000 - 0x00007ff93e524000 	C:\WINDOWS\system32\profapi.dll

VM Arguments:
jvm_args: -Dfile.encoding=Cp1252 
java_command: ui.MainGUI
java_class_path (initial): C:\Users\So\Documents\GitHub\main\bin;C:\Users\So\Documents\GitHub\main\lib\commons-lang3-3.4.jar;C:\Users\So\Documents\GitHub\main\lib\org.eclipse.swt.win32.win32.x86_64_3.104.0.v20150528-0211.jar
Launcher Type: SUN_STANDARD

Environment Variables:
PATH=C:/Program Files/Java/jre1.8.0_71/bin/server;C:/Program Files/Java/jre1.8.0_71/bin;C:/Program Files/Java/jre1.8.0_71/lib/amd64;C:\ProgramData\Oracle\Java\javapath;C:\WINDOWS\system32;C:\WINDOWS;C:\WINDOWS\System32\Wbem;C:\WINDOWS\System32\WindowsPowerShell\v1.0\;C:\Program Files\Java\jdk1.7.0_71\bin;C:\Program Files (x86)\SSH Communications Security\SSH Secure Shell;C:\Users\So\Downloads\eclipse-jee-mars-R-win32-x86_64\eclipse;
USERNAME=Techknow
OS=Windows_NT
PROCESSOR_IDENTIFIER=Intel64 Family 6 Model 69 Stepping 1, GenuineIntel



---------------  S Y S T E M  ---------------

OS: Windows 10.0 , 64 bit Build 10586 (10.0.10586.0)

CPU:total 4 (2 cores per cpu, 2 threads per core) family 6 model 69 stepping 1, cmov, cx8, fxsr, mmx, sse, sse2, sse3, ssse3, sse4.1, sse4.2, popcnt, avx, avx2, aes, clmul, erms, lzcnt, ht, tsc, tscinvbit, bmi1, bmi2

Memory: 4k page, physical 8291400k(838564k free), swap 33457224k(3488k free)

vm_info: Java HotSpot(TM) 64-Bit Server VM (25.71-b15) for windows-amd64 JRE (1.8.0_71-b15), built on Dec 22 2015 18:15:55 by "java_re" with MS VC++ 10.0 (VS2010)

time: Mon Mar 14 17:20:31 2016
elapsed time: 0 seconds (0d 0h 0m 0s)

